<?xml version="1.0" encoding="UTF-8"?>
<!-- Generated by org.testng.reporters.JUnitReportReporter -->
<testsuite hostname="DESKTOP-788G5UR" failures="0" tests="4" name="API.test.UserTests" time="8.996" errors="0" timestamp="2023-08-19T11:57:07 PKT" skipped="0">
  <testcase classname="API.test.UserTests" name="testPostUser" time="4.026"/>
  <system-out/>
  <testcase classname="API.test.UserTests" name="testGetUserByNAme" time="1.328"/>
  <system-out/>
  <testcase classname="API.test.UserTests" name="testUpdateUserByName" time="2.456"/>
  <system-out/>
  <testcase classname="API.test.UserTests" name="testDeleteUserByName" time="1.186"/>
  <system-out/>
</testsuite> <!-- API.test.UserTests -->
