<?xml version="1.0" encoding="UTF-8"?>
<!-- Generated by org.testng.reporters.JUnitReportReporter -->
<testsuite hostname="DESKTOP-788G5UR" failures="0" tests="4" name="API.test.UserTests2" time="8.737" errors="0" timestamp="2023-08-19T13:04:35 PKT" skipped="0">
  <testcase classname="API.test.UserTests2" name="testPostUser" time="4.000"/>
  <system-out/>
  <testcase classname="API.test.UserTests2" name="testGetUserByNAme" time="1.200"/>
  <system-out/>
  <testcase classname="API.test.UserTests2" name="testUpdateUserByName" time="2.350"/>
  <system-out/>
  <testcase classname="API.test.UserTests2" name="testDeleteUserByName" time="1.187"/>
  <system-out/>
</testsuite> <!-- API.test.UserTests2 -->
