<?xml version="1.0" encoding="UTF-8"?>
<!-- Generated by org.testng.reporters.JUnitReportReporter -->
<testsuite hostname="DESKTOP-788G5UR" failures="0" tests="4" name="API.test.UserTests2" time="10.198" errors="0" timestamp="2023-08-19T15:05:37 PKT" skipped="0">
  <testcase classname="API.test.UserTests2" name="testPostUser" time="3.644"/>
  <system-out/>
  <testcase classname="API.test.UserTests2" name="testGetUserByNAme" time="2.139"/>
  <system-out/>
  <testcase classname="API.test.UserTests2" name="testUpdateUserByName" time="3.227"/>
  <system-out/>
  <testcase classname="API.test.UserTests2" name="testDeleteUserByName" time="1.188"/>
  <system-out/>
</testsuite> <!-- API.test.UserTests2 -->
