<?xml version="1.0" encoding="UTF-8"?>
<!-- Generated by org.testng.reporters.JUnitReportReporter -->
<testsuite hostname="DESKTOP-788G5UR" failures="0" tests="4" name="API.test.UserTests" time="9.833" errors="0" timestamp="2023-08-19T15:01:13 PKT" skipped="0">
  <testcase classname="API.test.UserTests" name="testPostUser" time="3.965"/>
  <system-out/>
  <testcase classname="API.test.UserTests" name="testGetUserByNAme" time="1.243"/>
  <system-out/>
  <testcase classname="API.test.UserTests" name="testUpdateUserByName" time="2.418"/>
  <system-out/>
  <testcase classname="API.test.UserTests" name="testDeleteUserByName" time="2.207"/>
  <system-out/>
</testsuite> <!-- API.test.UserTests -->
